Initializing document watcher...
Document watcher initialized
/User/settings.json: Using EditorConfig core...
student_00_0e0d8c3f5e45/tfinfra/provider.tf: {}
student_00_0e0d8c3f5e45/tfinfra/provider.tf: {}
student_00_0e0d8c3f5e45/tfinfra/provider.tf: {}
student_00_0e0d8c3f5e45/tfinfra/provider.tf: {}
student_00_0e0d8c3f5e45/tfinfra/provider.tf: Using EditorConfig core...
student_00_0e0d8c3f5e45/tfinfra/provider.tf: Using EditorConfig core...
student_00_0e0d8c3f5e45/tfinfra/provider.tf: {}
student_00_0e0d8c3f5e45/tfinfra/provider.tf: {}
student_00_0e0d8c3f5e45/tfinfra/instance.tf: {}
student_00_0e0d8c3f5e45/tfinfra/instance.tf: Using EditorConfig core...
student_00_0e0d8c3f5e45/tfinfra/instance.tf: Using EditorConfig core...
student_00_0e0d8c3f5e45/tfinfra/variables.tf: {}
student_00_0e0d8c3f5e45/tfinfra/variables.tf: {}
student_00_0e0d8c3f5e45/tfinfra/variables.tf: Using EditorConfig core...
student_00_0e0d8c3f5e45/tfinfra/variables.tf: Using EditorConfig core...
student_00_0e0d8c3f5e45/tfinfra/variables.tf: {}
student_00_0e0d8c3f5e45/tfinfra/instance.tf: {}
student_00_0e0d8c3f5e45/tfinfra/instance.tf: {}
student_00_0e0d8c3f5e45/tfinfra/variables.tf: {}
student_00_0e0d8c3f5e45/tfinfra/variables.tf: Using EditorConfig core...
student_00_0e0d8c3f5e45/tfinfra/outputs.tf: {}
student_00_0e0d8c3f5e45/tfinfra/outputs.tf: {}
student_00_0e0d8c3f5e45/tfinfra/outputs.tf: {}
student_00_0e0d8c3f5e45/tfinfra/outputs.tf: Using EditorConfig core...
student_00_0e0d8c3f5e45/tfinfra/outputs.tf: {}
student_00_0e0d8c3f5e45/tfinfra/instance.tf: {}
student_00_0e0d8c3f5e45/tfinfra/instance.tf: {}
student_00_0e0d8c3f5e45/tfinfra/instance.tf: Using EditorConfig core...
student_00_0e0d8c3f5e45/tfinfra/instance.tf: Using EditorConfig core...
student_00_0e0d8c3f5e45/tfinfra/instance.tf: {}
student_00_0e0d8c3f5e45/tfinfra/instance.tf: Using EditorConfig core...
student_00_0e0d8c3f5e45/tfinfra/instance.tf: Using EditorConfig core...
student_00_0e0d8c3f5e45/tfinfra/instance.tf: {}
student_00_0e0d8c3f5e45/tfinfra/instance.tf: {}
student_00_0e0d8c3f5e45/tfinfra/instance.tf: {}
student_00_0e0d8c3f5e45/tfinfra/exp.tf: {}
student_00_0e0d8c3f5e45/tfinfra/exp.tf: {}
student_00_0e0d8c3f5e45/tfinfra/exp.tf: {}
student_00_0e0d8c3f5e45/tfinfra/exp.tf: {}
student_00_0e0d8c3f5e45/tfinfra/exp.tf: {}
student_00_0e0d8c3f5e45/tfinfra/exp.tf: Using EditorConfig core...
student_00_0e0d8c3f5e45/tfinfra/exp.tf: {}
student_00_0e0d8c3f5e45/tfinfra/exp.tf: Using EditorConfig core...
student_00_0e0d8c3f5e45/tfinfra/exp.tf: {}
student_00_0e0d8c3f5e45/tfinfra/exp.tf: Using EditorConfig core...
student_00_0e0d8c3f5e45/tfinfra/exp.tf: {}
student_00_0e0d8c3f5e45/tfinfra/exp.tf: {}
student_00_0e0d8c3f5e45/tfinfra/exp.tf: Using EditorConfig core...
student_00_0e0d8c3f5e45/tfinfra/exp.tf: {}
student_00_0e0d8c3f5e45/tfinfra/exp.tf: Using EditorConfig core...
student_00_0e0d8c3f5e45/tfinfra/exp.tf: Using EditorConfig core...
student_00_0e0d8c3f5e45/tfinfra/exp.tf: Using EditorConfig core...
student_00_0e0d8c3f5e45/tfinfra/exp.tf: Using EditorConfig core...
student_00_0e0d8c3f5e45/tfinfra/exp.tf: Using EditorConfig core...
student_00_0e0d8c3f5e45/tfinfra/exp.tf: Using EditorConfig core...
student_00_0e0d8c3f5e45/tfinfra/exp.tf: Using EditorConfig core...
student_00_0e0d8c3f5e45/tfinfra/exp.tf: {}
student_00_0e0d8c3f5e45/tfinfra/exp.tf: {}
student_00_0e0d8c3f5e45/tfinfra/exp.tf: {}
student_00_0e0d8c3f5e45/tfinfra/graph.svg: {}
student_00_0e0d8c3f5e45/tfinfra/graph.svg: {}
student_00_0e0d8c3f5e45/tfinfra/graph.svg: {}
student_00_0e0d8c3f5e45/tfinfra/graph.svg: {}
